{
  "RSpec": {
    "coverage": {
      "/Users/tammam/codecore/oct-2015/fundsy/app/controllers/campaigns_controller.rb": [
        1,
        1,
        1,
        null,
        1,
        2,
        null,
        null,
        1,
        5,
        5,
        5,
        3,
        null,
        2,
        null,
        null,
        null,
        1,
        null,
        null,
        1,
        4,
        2,
        null,
        null,
        null,
        1,
        5,
        1,
        4,
        2,
        null,
        2,
        null,
        null,
        null,
        1,
        8,
        null,
        null,
        1,
        3,
        2,
        2,
        null,
        1,
        null,
        null,
        null,
        1,
        null,
        1,
        14,
        null,
        null,
        1,
        9,
        null,
        null,
        null
      ],
      "/Users/tammam/codecore/oct-2015/fundsy/app/controllers/application_controller.rb": [
        1,
        null,
        null,
        1,
        null,
        1,
        24,
        null,
        null,
        1,
        34,
        null,
        1,
        null,
        1,
        52,
        null,
        1,
        null,
        null
      ],
      "/Users/tammam/codecore/oct-2015/fundsy/app/controllers/sessions_controller.rb": [
        1,
        null,
        1,
        null,
        null,
        1,
        7,
        7,
        3,
        3,
        null,
        4,
        4,
        null,
        null,
        null,
        1,
        2,
        2,
        null,
        null,
        null
      ],
      "/Users/tammam/codecore/oct-2015/fundsy/app/controllers/users_controller.rb": [
        1,
        null,
        1,
        3,
        null,
        null,
        1,
        6,
        null,
        6,
        6,
        4,
        null,
        2,
        null,
        null,
        null
      ],
      "/Users/tammam/codecore/oct-2015/fundsy/app/models/campaign.rb": [
        1,
        1,
        null,
        1,
        1,
        null
      ],
      "/Users/tammam/codecore/oct-2015/fundsy/app/models/user.rb": [
        1,
        1,
        null,
        1,
        null,
        1,
        1,
        null,
        1,
        4,
        null,
        null
      ]
    },
    "timestamp": 1449010908
  }
}
